<?xml version="1.0" encoding="UTF-8"?>
<!-- Generated by org.testng.reporters.JUnitReportReporter -->
<testsuite hostname="MacBook-Pro.local" name="web.beforetest.ResetPassword" tests="7" failures="0" timestamp="16 Mar 2016 10:57:52 GMT" time="29.246" errors="0">
  <testcase name="resetForAllUsers" time="3.945" classname="web.beforetest.ResetPassword"/>
  <testcase name="resetForAllUsers" time="4.178" classname="web.beforetest.ResetPassword"/>
  <testcase name="resetForAllUsers" time="3.975" classname="web.beforetest.ResetPassword"/>
  <testcase name="resetForAllUsers" time="3.833" classname="web.beforetest.ResetPassword"/>
  <testcase name="resetForAllUsers" time="3.900" classname="web.beforetest.ResetPassword"/>
  <testcase name="resetForAllUsers" time="5.318" classname="web.beforetest.ResetPassword"/>
  <testcase name="resetForAllUsers" time="4.097" classname="web.beforetest.ResetPassword"/>
</testsuite> <!-- web.beforetest.ResetPassword -->
