<?xml version="1.0" encoding="UTF-8"?>
<!-- Generated by org.testng.reporters.JUnitReportReporter -->
<testsuite hostname="MacBook-Pro.local" name="web.adverteerder.when_purchasing.Adverteerder_een_should" tests="3" failures="0" timestamp="16 Mar 2016 13:19:32 GMT" time="87.522" errors="0">
  <testcase name="pay_rate_card_contract_price_with_volume_discount" time="26.970" classname="web.adverteerder.when_purchasing.Adverteerder_een_should"/>
  <testcase name="pay_buy_now_price" time="32.745" classname="web.adverteerder.when_purchasing.Adverteerder_een_should"/>
  <testcase name="pay_contract_price" time="27.807" classname="web.adverteerder.when_purchasing.Adverteerder_een_should"/>
</testsuite> <!-- web.adverteerder.when_purchasing.Adverteerder_een_should -->
