<?xml version="1.0" encoding="UTF-8"?>
<!-- Generated by org.testng.reporters.JUnitReportReporter -->
<testsuite hostname="MacBook-Pro.local" name="web.beforetest.CreateUsersWithTestData" tests="1" failures="0" timestamp="16 Mar 2016 10:09:09 GMT" time="307.953" errors="0">
  <testcase name="startUnitTests" time="307.953" classname="web.beforetest.CreateUsersWithTestData"/>
</testsuite> <!-- web.beforetest.CreateUsersWithTestData -->
