<?xml version="1.0" encoding="UTF-8"?>
<!-- Generated by org.testng.reporters.JUnitReportReporter -->
<testsuite hostname="MacBook-Pro.local" name="web.reseller.when_checking_orders.Reseller_een_should" tests="1" failures="0" timestamp="11 Mar 2016 15:59:30 GMT" time="0.599" errors="0">
  <testcase name="see_media_purchased_for_correct_prices" time="0.599" classname="web.reseller.when_checking_orders.Reseller_een_should"/>
</testsuite> <!-- web.reseller.when_checking_orders.Reseller_een_should -->
