<?xml version="1.0" encoding="UTF-8"?>
<!-- Generated by org.testng.reporters.JUnitReportReporter -->
<testsuite hostname="mbpro-virjanand.local" name="example.PrintNameTest" tests="1" failures="0" timestamp="14 Feb 2016 14:08:45 GMT" time="0.008" errors="0">
  <testcase name="printMyName" time="0.008" classname="example.PrintNameTest"/>
</testsuite> <!-- example.PrintNameTest -->
